2023-05-02 17:55:07.884  INFO 26228 --- [restartedMain] kr.co.ch09.Ch09Application               : Starting Ch09Application using Java 17.0.5 on DESKTOP-QOTDKI5 with PID 26228 (C:\Users\java2\Desktop\workspace\SpringBoot\Ch09\target\classes started by java2 in C:\Users\java2\Desktop\workspace\SpringBoot\Ch09)
2023-05-02 17:55:07.889 DEBUG 26228 --- [restartedMain] kr.co.ch09.Ch09Application               : Running with Spring Boot v2.7.7, Spring v5.3.24
2023-05-02 17:55:07.890  INFO 26228 --- [restartedMain] kr.co.ch09.Ch09Application               : No active profile set, falling back to 1 default profile: "default"
2023-05-02 17:55:07.958  INFO 26228 --- [restartedMain] .e.DevToolsPropertyDefaultsPostProcessor : Devtools property defaults active! Set 'spring.devtools.add-properties' to 'false' to disable
2023-05-02 17:55:07.958  INFO 26228 --- [restartedMain] .e.DevToolsPropertyDefaultsPostProcessor : For additional web related logging consider setting the 'logging.level.web' property to 'DEBUG'
2023-05-02 17:55:09.430  INFO 26228 --- [restartedMain] .s.d.r.c.RepositoryConfigurationDelegate : Bootstrapping Spring Data JPA repositories in DEFAULT mode.
2023-05-02 17:55:09.522  INFO 26228 --- [restartedMain] .s.d.r.c.RepositoryConfigurationDelegate : Finished Spring Data repository scanning in 78 ms. Found 1 JPA repository interfaces.
2023-05-02 17:55:10.845  INFO 26228 --- [restartedMain] o.s.b.w.embedded.tomcat.TomcatWebServer  : Tomcat initialized with port(s): 8080 (http)
2023-05-02 17:55:10.859  INFO 26228 --- [restartedMain] o.apache.catalina.core.StandardService   : Starting service [Tomcat]
2023-05-02 17:55:10.862  INFO 26228 --- [restartedMain] org.apache.catalina.core.StandardEngine  : Starting Servlet engine: [Apache Tomcat/9.0.70]
2023-05-02 17:55:11.063  INFO 26228 --- [restartedMain] o.a.c.c.C.[Tomcat].[localhost].[/Ch09]   : Initializing Spring embedded WebApplicationContext
2023-05-02 17:55:11.063  INFO 26228 --- [restartedMain] w.s.c.ServletWebServerApplicationContext : Root WebApplicationContext: initialization completed in 3104 ms
2023-05-02 17:55:14.104  INFO 26228 --- [restartedMain] o.hibernate.jpa.internal.util.LogHelper  : HHH000204: Processing PersistenceUnitInfo [name: default]
2023-05-02 17:55:14.205  INFO 26228 --- [restartedMain] org.hibernate.Version                    : HHH000412: Hibernate ORM core version 5.6.14.Final
2023-05-02 17:55:14.590  INFO 26228 --- [restartedMain] o.hibernate.annotations.common.Version   : HCANN000001: Hibernate Commons Annotations {5.1.2.Final}
2023-05-02 17:55:14.804  INFO 26228 --- [restartedMain] com.zaxxer.hikari.HikariDataSource       : HikariPool-1 - Starting...
2023-05-02 17:55:15.882  INFO 26228 --- [restartedMain] com.zaxxer.hikari.HikariDataSource       : HikariPool-1 - Start completed.
2023-05-02 17:55:16.011  INFO 26228 --- [restartedMain] org.hibernate.dialect.Dialect            : HHH000400: Using dialect: org.hibernate.dialect.MySQL57Dialect
2023-05-02 17:55:17.144  INFO 26228 --- [restartedMain] o.h.e.t.j.p.i.JtaPlatformInitiator       : HHH000490: Using JtaPlatform implementation: [org.hibernate.engine.transaction.jta.platform.internal.NoJtaPlatform]
2023-05-02 17:55:17.157  INFO 26228 --- [restartedMain] j.LocalContainerEntityManagerFactoryBean : Initialized JPA EntityManagerFactory for persistence unit 'default'
2023-05-02 17:55:18.145  WARN 26228 --- [restartedMain] JpaBaseConfiguration$JpaWebConfiguration : spring.jpa.open-in-view is enabled by default. Therefore, database queries may be performed during view rendering. Explicitly configure spring.jpa.open-in-view to disable this warning
2023-05-02 17:55:18.538  INFO 26228 --- [restartedMain] o.s.b.a.w.s.WelcomePageHandlerMapping    : Adding welcome page template: index
2023-05-02 17:55:18.874  INFO 26228 --- [restartedMain] o.s.b.d.a.OptionalLiveReloadServer       : LiveReload server is running on port 35729
2023-05-02 17:55:18.919  INFO 26228 --- [restartedMain] o.s.b.w.embedded.tomcat.TomcatWebServer  : Tomcat started on port(s): 8080 (http) with context path '/Ch09'
2023-05-02 17:55:18.946  INFO 26228 --- [restartedMain] kr.co.ch09.Ch09Application               : Started Ch09Application in 11.793 seconds (JVM running for 14.815)
2023-05-02 17:55:26.489  INFO 26228 --- [http-nio-8080-exec-1] o.a.c.c.C.[Tomcat].[localhost].[/Ch09]   : Initializing Spring DispatcherServlet 'dispatcherServlet'
2023-05-02 17:55:26.490  INFO 26228 --- [http-nio-8080-exec-1] o.s.web.servlet.DispatcherServlet        : Initializing Servlet 'dispatcherServlet'
2023-05-02 17:55:26.491  INFO 26228 --- [http-nio-8080-exec-1] o.s.web.servlet.DispatcherServlet        : Completed initialization in 1 ms
2023-05-02 17:55:26.587 DEBUG 26228 --- [http-nio-8080-exec-1] kr.co.ch09.dao.User1DAO.selectUser1s     : ==>  Preparing: select * from `user1`;
2023-05-02 17:55:26.604 DEBUG 26228 --- [http-nio-8080-exec-1] kr.co.ch09.dao.User1DAO.selectUser1s     : ==> Parameters: 
2023-05-02 17:55:26.628 DEBUG 26228 --- [http-nio-8080-exec-1] kr.co.ch09.dao.User1DAO.selectUser1s     : <==      Total: 3
2023-05-02 17:55:39.473 DEBUG 26228 --- [http-nio-8080-exec-2] kr.co.ch09.dao.User1DAO.selectUser1s     : ==>  Preparing: select * from `user1`;
2023-05-02 17:55:39.473 DEBUG 26228 --- [http-nio-8080-exec-2] kr.co.ch09.dao.User1DAO.selectUser1s     : ==> Parameters: 
2023-05-02 17:55:39.475 DEBUG 26228 --- [http-nio-8080-exec-2] kr.co.ch09.dao.User1DAO.selectUser1s     : <==      Total: 3
2023-05-02 17:55:41.281 DEBUG 26228 --- [http-nio-8080-exec-3] kr.co.ch09.dao.User1DAO.selectUser1s     : ==>  Preparing: select * from `user1`;
2023-05-02 17:55:41.282 DEBUG 26228 --- [http-nio-8080-exec-3] kr.co.ch09.dao.User1DAO.selectUser1s     : ==> Parameters: 
2023-05-02 17:55:41.284 DEBUG 26228 --- [http-nio-8080-exec-3] kr.co.ch09.dao.User1DAO.selectUser1s     : <==      Total: 3
2023-05-02 17:55:42.492 DEBUG 26228 --- [http-nio-8080-exec-4] kr.co.ch09.dao.User1DAO.selectUser1s     : ==>  Preparing: select * from `user1`;
2023-05-02 17:55:42.493 DEBUG 26228 --- [http-nio-8080-exec-4] kr.co.ch09.dao.User1DAO.selectUser1s     : ==> Parameters: 
2023-05-02 17:55:42.495 DEBUG 26228 --- [http-nio-8080-exec-4] kr.co.ch09.dao.User1DAO.selectUser1s     : <==      Total: 3
2023-05-02 17:55:49.050 DEBUG 26228 --- [http-nio-8080-exec-6] kr.co.ch09.dao.User1DAO.updateUser1      : ==>  Preparing: update `user1` set `name`=?, `hp`=?, `age`=? where `uid`=?;
2023-05-02 17:55:49.051 DEBUG 26228 --- [http-nio-8080-exec-6] kr.co.ch09.dao.User1DAO.updateUser1      : ==> Parameters: 아아2(String), 2323132(String), 23(Integer), A100(String)
2023-05-02 17:55:49.056 DEBUG 26228 --- [http-nio-8080-exec-6] kr.co.ch09.dao.User1DAO.updateUser1      : <==    Updates: 1
2023-05-02 17:55:50.184 DEBUG 26228 --- [http-nio-8080-exec-7] kr.co.ch09.dao.User1DAO.selectUser1s     : ==>  Preparing: select * from `user1`;
2023-05-02 17:55:50.185 DEBUG 26228 --- [http-nio-8080-exec-7] kr.co.ch09.dao.User1DAO.selectUser1s     : ==> Parameters: 
2023-05-02 17:55:50.189 DEBUG 26228 --- [http-nio-8080-exec-7] kr.co.ch09.dao.User1DAO.selectUser1s     : <==      Total: 3
2023-05-02 17:55:57.861 DEBUG 26228 --- [http-nio-8080-exec-8] kr.co.ch09.dao.User1DAO.selectUser1s     : ==>  Preparing: select * from `user1`;
2023-05-02 17:55:57.861 DEBUG 26228 --- [http-nio-8080-exec-8] kr.co.ch09.dao.User1DAO.selectUser1s     : ==> Parameters: 
2023-05-02 17:55:57.864 DEBUG 26228 --- [http-nio-8080-exec-8] kr.co.ch09.dao.User1DAO.selectUser1s     : <==      Total: 3
2023-05-02 17:56:30.204 DEBUG 26228 --- [http-nio-8080-exec-9] kr.co.ch09.dao.User1DAO.updateUser1      : ==>  Preparing: update `user1` set `name`=?, `hp`=?, `age`=? where `uid`=?;
2023-05-02 17:56:30.205 DEBUG 26228 --- [http-nio-8080-exec-9] kr.co.ch09.dao.User1DAO.updateUser1      : ==> Parameters: 아아(String), 2323132(String), 23(Integer), A100(String)
2023-05-02 17:56:30.208 DEBUG 26228 --- [http-nio-8080-exec-9] kr.co.ch09.dao.User1DAO.updateUser1      : <==    Updates: 1
2023-05-02 17:56:31.386 DEBUG 26228 --- [http-nio-8080-exec-10] kr.co.ch09.dao.User1DAO.selectUser1s     : ==>  Preparing: select * from `user1`;
2023-05-02 17:56:31.386 DEBUG 26228 --- [http-nio-8080-exec-10] kr.co.ch09.dao.User1DAO.selectUser1s     : ==> Parameters: 
2023-05-02 17:56:31.388 DEBUG 26228 --- [http-nio-8080-exec-10] kr.co.ch09.dao.User1DAO.selectUser1s     : <==      Total: 3
2023-05-02 17:58:52.043 DEBUG 26228 --- [http-nio-8080-exec-2] kr.co.ch09.dao.User1DAO.selectUser1s     : ==>  Preparing: select * from `user1`;
2023-05-02 17:58:52.044 DEBUG 26228 --- [http-nio-8080-exec-2] kr.co.ch09.dao.User1DAO.selectUser1s     : ==> Parameters: 
2023-05-02 17:58:52.045 DEBUG 26228 --- [http-nio-8080-exec-2] kr.co.ch09.dao.User1DAO.selectUser1s     : <==      Total: 3
2023-05-02 17:58:52.909 DEBUG 26228 --- [http-nio-8080-exec-3] kr.co.ch09.dao.User1DAO.selectUser1s     : ==>  Preparing: select * from `user1`;
2023-05-02 17:58:52.910 DEBUG 26228 --- [http-nio-8080-exec-3] kr.co.ch09.dao.User1DAO.selectUser1s     : ==> Parameters: 
2023-05-02 17:58:52.912 DEBUG 26228 --- [http-nio-8080-exec-3] kr.co.ch09.dao.User1DAO.selectUser1s     : <==      Total: 3
2023-05-02 17:58:53.249 DEBUG 26228 --- [http-nio-8080-exec-4] kr.co.ch09.dao.User1DAO.selectUser1s     : ==>  Preparing: select * from `user1`;
2023-05-02 17:58:53.250 DEBUG 26228 --- [http-nio-8080-exec-4] kr.co.ch09.dao.User1DAO.selectUser1s     : ==> Parameters: 
2023-05-02 17:58:53.255 DEBUG 26228 --- [http-nio-8080-exec-4] kr.co.ch09.dao.User1DAO.selectUser1s     : <==      Total: 3
2023-05-02 17:59:13.947 DEBUG 26228 --- [http-nio-8080-exec-5] kr.co.ch09.controller.User1Controller    : User1VO(uid=b123, pass=null, name=이순신, hp=010-1234-1233, age=34)
2023-05-02 17:59:13.958 DEBUG 26228 --- [http-nio-8080-exec-5] kr.co.ch09.dao.User1DAO.insertUser1      : ==>  Preparing: INSERT INTO `user1` SET `uid`= ?, `name`=?, `hp`=?, `age`=?
2023-05-02 17:59:13.959 DEBUG 26228 --- [http-nio-8080-exec-5] kr.co.ch09.dao.User1DAO.insertUser1      : ==> Parameters: b123(String), 이순신(String), 010-1234-1233(String), 34(Integer)
2023-05-02 17:59:13.960 DEBUG 26228 --- [http-nio-8080-exec-5] kr.co.ch09.dao.User1DAO.insertUser1      : <==    Updates: 1
2023-05-02 17:59:15.482 DEBUG 26228 --- [http-nio-8080-exec-6] kr.co.ch09.dao.User1DAO.selectUser1s     : ==>  Preparing: select * from `user1`;
2023-05-02 17:59:15.483 DEBUG 26228 --- [http-nio-8080-exec-6] kr.co.ch09.dao.User1DAO.selectUser1s     : ==> Parameters: 
2023-05-02 17:59:15.484 DEBUG 26228 --- [http-nio-8080-exec-6] kr.co.ch09.dao.User1DAO.selectUser1s     : <==      Total: 4
2023-05-02 17:59:26.460 DEBUG 26228 --- [http-nio-8080-exec-7] kr.co.ch09.dao.User1DAO.updateUser1      : ==>  Preparing: update `user1` set `name`=?, `hp`=?, `age`=? where `uid`=?;
2023-05-02 17:59:26.461 DEBUG 26228 --- [http-nio-8080-exec-7] kr.co.ch09.dao.User1DAO.updateUser1      : ==> Parameters: 이순군(String), 010-1234-1233(String), 45(Integer), b123(String)
2023-05-02 17:59:26.464 DEBUG 26228 --- [http-nio-8080-exec-7] kr.co.ch09.dao.User1DAO.updateUser1      : <==    Updates: 1
2023-05-02 17:59:28.065 DEBUG 26228 --- [http-nio-8080-exec-8] kr.co.ch09.dao.User1DAO.selectUser1s     : ==>  Preparing: select * from `user1`;
2023-05-02 17:59:28.066 DEBUG 26228 --- [http-nio-8080-exec-8] kr.co.ch09.dao.User1DAO.selectUser1s     : ==> Parameters: 
2023-05-02 17:59:28.067 DEBUG 26228 --- [http-nio-8080-exec-8] kr.co.ch09.dao.User1DAO.selectUser1s     : <==      Total: 4
2023-05-02 17:59:32.523 DEBUG 26228 --- [http-nio-8080-exec-10] kr.co.ch09.dao.User1DAO.deleteUser1      : ==>  Preparing: delete from `user1` where `uid`=?;
2023-05-02 17:59:32.524 DEBUG 26228 --- [http-nio-8080-exec-10] kr.co.ch09.dao.User1DAO.deleteUser1      : ==> Parameters: b123(String)
2023-05-02 17:59:32.527 DEBUG 26228 --- [http-nio-8080-exec-10] kr.co.ch09.dao.User1DAO.deleteUser1      : <==    Updates: 1
2023-05-02 18:08:09.507  INFO 26228 --- [RMI TCP Connection(15)-127.0.0.1] inMXBeanRegistrar$SpringApplicationAdmin : Application shutdown requested.
2023-05-02 18:08:09.525  INFO 26228 --- [RMI TCP Connection(15)-127.0.0.1] o.apache.catalina.core.StandardService   : Stopping service [Tomcat]
2023-05-02 18:08:09.526  INFO 26228 --- [RMI TCP Connection(15)-127.0.0.1] o.a.c.c.C.[Tomcat].[localhost].[/Ch09]   : Destroying Spring FrameworkServlet 'dispatcherServlet'
2023-05-02 18:08:09.532  INFO 26228 --- [RMI TCP Connection(15)-127.0.0.1] j.LocalContainerEntityManagerFactoryBean : Closing JPA EntityManagerFactory for persistence unit 'default'
2023-05-02 18:08:09.536  INFO 26228 --- [RMI TCP Connection(15)-127.0.0.1] com.zaxxer.hikari.HikariDataSource       : HikariPool-1 - Shutdown initiated...
2023-05-02 18:08:09.546  INFO 26228 --- [RMI TCP Connection(15)-127.0.0.1] com.zaxxer.hikari.HikariDataSource       : HikariPool-1 - Shutdown completed.
