2023-05-02 17:01:13.329  INFO 9828 --- [restartedMain] kr.co.todo.TodoApplication               : Starting TodoApplication using Java 11.0.16.1 on DESKTOP-QOTDKI5 with PID 9828 (C:\Users\java2\Desktop\workspace\SpringBoot\Todo\out\production\classes started by java2 in C:\Users\java2\Desktop\workspace\SpringBoot\Todo)
2023-05-02 17:01:13.343  INFO 9828 --- [restartedMain] kr.co.todo.TodoApplication               : No active profile set, falling back to 1 default profile: "default"
2023-05-02 17:01:13.483  INFO 9828 --- [restartedMain] .e.DevToolsPropertyDefaultsPostProcessor : Devtools property defaults active! Set 'spring.devtools.add-properties' to 'false' to disable
2023-05-02 17:01:13.484  INFO 9828 --- [restartedMain] .e.DevToolsPropertyDefaultsPostProcessor : For additional web related logging consider setting the 'logging.level.web' property to 'DEBUG'
2023-05-02 17:01:14.689  INFO 9828 --- [restartedMain] .s.d.r.c.RepositoryConfigurationDelegate : Bootstrapping Spring Data JPA repositories in DEFAULT mode.
2023-05-02 17:01:14.773  INFO 9828 --- [restartedMain] .s.d.r.c.RepositoryConfigurationDelegate : Finished Spring Data repository scanning in 68 ms. Found 1 JPA repository interfaces.
2023-05-02 17:01:16.146  INFO 9828 --- [restartedMain] o.s.b.w.embedded.tomcat.TomcatWebServer  : Tomcat initialized with port(s): 80 (http)
2023-05-02 17:01:16.164  INFO 9828 --- [restartedMain] o.apache.catalina.core.StandardService   : Starting service [Tomcat]
2023-05-02 17:01:16.166  INFO 9828 --- [restartedMain] org.apache.catalina.core.StandardEngine  : Starting Servlet engine: [Apache Tomcat/9.0.71]
2023-05-02 17:01:16.304  INFO 9828 --- [restartedMain] o.a.c.c.C.[Tomcat].[localhost].[/todo]   : Initializing Spring embedded WebApplicationContext
2023-05-02 17:01:16.304  INFO 9828 --- [restartedMain] w.s.c.ServletWebServerApplicationContext : Root WebApplicationContext: initialization completed in 2819 ms
2023-05-02 17:01:16.609  INFO 9828 --- [restartedMain] com.zaxxer.hikari.HikariDataSource       : HikariPool-1 - Starting...
2023-05-02 17:01:17.120  INFO 9828 --- [restartedMain] com.zaxxer.hikari.HikariDataSource       : HikariPool-1 - Start completed.
2023-05-02 17:01:17.191  INFO 9828 --- [restartedMain] o.hibernate.jpa.internal.util.LogHelper  : HHH000204: Processing PersistenceUnitInfo [name: default]
2023-05-02 17:01:17.373  INFO 9828 --- [restartedMain] org.hibernate.Version                    : HHH000412: Hibernate ORM core version 5.6.14.Final
2023-05-02 17:01:17.703  INFO 9828 --- [restartedMain] o.hibernate.annotations.common.Version   : HCANN000001: Hibernate Commons Annotations {5.1.2.Final}
2023-05-02 17:01:17.932  INFO 9828 --- [restartedMain] org.hibernate.dialect.Dialect            : HHH000400: Using dialect: org.hibernate.dialect.MySQL8Dialect
2023-05-02 17:01:18.967  INFO 9828 --- [restartedMain] o.h.e.t.j.p.i.JtaPlatformInitiator       : HHH000490: Using JtaPlatform implementation: [org.hibernate.engine.transaction.jta.platform.internal.NoJtaPlatform]
2023-05-02 17:01:18.983  INFO 9828 --- [restartedMain] j.LocalContainerEntityManagerFactoryBean : Initialized JPA EntityManagerFactory for persistence unit 'default'
2023-05-02 17:01:20.010  WARN 9828 --- [restartedMain] JpaBaseConfiguration$JpaWebConfiguration : spring.jpa.open-in-view is enabled by default. Therefore, database queries may be performed during view rendering. Explicitly configure spring.jpa.open-in-view to disable this warning
2023-05-02 17:01:20.268  INFO 9828 --- [restartedMain] o.s.b.a.w.s.WelcomePageHandlerMapping    : Adding welcome page template: index
2023-05-02 17:01:20.527  INFO 9828 --- [restartedMain] o.s.b.d.a.OptionalLiveReloadServer       : LiveReload server is running on port 35729
2023-05-02 17:01:20.563  INFO 9828 --- [restartedMain] o.s.b.w.embedded.tomcat.TomcatWebServer  : Tomcat started on port(s): 80 (http) with context path '/todo'
2023-05-02 17:01:20.572  INFO 9828 --- [restartedMain] kr.co.todo.TodoApplication               : Started TodoApplication in 8.05 seconds (JVM running for 9.051)
2023-05-02 17:03:37.866  INFO 9828 --- [http-nio-80-exec-1] o.a.c.c.C.[Tomcat].[localhost].[/todo]   : Initializing Spring DispatcherServlet 'dispatcherServlet'
2023-05-02 17:03:37.867  INFO 9828 --- [http-nio-80-exec-1] o.s.web.servlet.DispatcherServlet        : Initializing Servlet 'dispatcherServlet'
2023-05-02 17:03:37.868  INFO 9828 --- [http-nio-80-exec-1] o.s.web.servlet.DispatcherServlet        : Completed initialization in 1 ms
2023-05-02 17:03:56.808  INFO 9828 --- [http-nio-80-exec-6] k.co.todo.controller.Vue_TodoController  : MainController Post write...
2023-05-02 17:03:56.817  INFO 9828 --- [http-nio-80-exec-6] k.co.todo.controller.Vue_TodoController  : ArticleVO(no=0, content=영어단어 100개 외우기, rdate=null, status=null, order=0)
2023-05-02 17:04:08.767  INFO 9828 --- [http-nio-80-exec-9] k.co.todo.controller.Vue_TodoController  : MainController Post write...
2023-05-02 17:04:08.767  INFO 9828 --- [http-nio-80-exec-9] k.co.todo.controller.Vue_TodoController  : ArticleVO(no=0, content=수학문제 30문제 풀기, rdate=null, status=null, order=0)
2023-05-02 17:04:23.813  INFO 9828 --- [http-nio-80-exec-3] k.co.todo.controller.Vue_TodoController  : MainController Post write...
2023-05-02 17:04:23.813  INFO 9828 --- [http-nio-80-exec-3] k.co.todo.controller.Vue_TodoController  : ArticleVO(no=0, content=영어 단어 100개 외우기, rdate=null, status=null, order=0)
2023-05-02 17:05:39.895  INFO 9828 --- [http-nio-80-exec-7] k.co.todo.controller.Vue_TodoController  : MainController Post write...
2023-05-02 17:05:39.895  INFO 9828 --- [http-nio-80-exec-7] k.co.todo.controller.Vue_TodoController  : ArticleVO(no=0, content=영어 단어 100개 외우기, rdate=null, status=null, order=0)
2023-05-02 17:26:12.278  INFO 9828 --- [http-nio-80-exec-4] k.co.todo.controller.Vue_TodoController  : MainController Post write...
2023-05-02 17:26:12.278  INFO 9828 --- [http-nio-80-exec-4] k.co.todo.controller.Vue_TodoController  : ArticleVO(no=0, content=영어단어 100개 외우기, rdate=null, status=null, order=0)
2023-05-02 17:29:21.493  INFO 9828 --- [http-nio-80-exec-7] k.co.todo.controller.Vue_TodoController  : MainController Post write...
2023-05-02 17:29:21.493  INFO 9828 --- [http-nio-80-exec-7] k.co.todo.controller.Vue_TodoController  : ArticleVO(no=0, content=영어단어 100개 외우기, rdate=null, status=null, order=0)
2023-05-02 17:29:32.220  INFO 9828 --- [http-nio-80-exec-8] k.co.todo.controller.Vue_TodoController  : MainController Post write...
2023-05-02 17:29:32.220  INFO 9828 --- [http-nio-80-exec-8] k.co.todo.controller.Vue_TodoController  : ArticleVO(no=0, content=수학 30문제 풀기, rdate=null, status=null, order=0)
2023-05-02 17:29:45.139  INFO 9828 --- [http-nio-80-exec-9] k.co.todo.controller.Vue_TodoController  : MainController Post write...
2023-05-02 17:29:45.139  INFO 9828 --- [http-nio-80-exec-9] k.co.todo.controller.Vue_TodoController  : ArticleVO(no=0, content=사회 신문 읽기, rdate=null, status=null, order=0)
2023-05-02 17:54:48.802  INFO 9828 --- [SpringApplicationShutdownHook] j.LocalContainerEntityManagerFactoryBean : Closing JPA EntityManagerFactory for persistence unit 'default'
2023-05-02 17:54:48.810  INFO 9828 --- [SpringApplicationShutdownHook] com.zaxxer.hikari.HikariDataSource       : HikariPool-1 - Shutdown initiated...
2023-05-02 17:54:48.832  INFO 9828 --- [SpringApplicationShutdownHook] com.zaxxer.hikari.HikariDataSource       : HikariPool-1 - Shutdown completed.
